
[REEL: 2025-10-30 12:45:51]SCHEDULER - Debut de la simulation

[REEL: 2025-10-30 12:45:51]DEMANDE_ACCES - Heure Simulation: 07:30 | Personne: Henri Alexis | Statut: Professeur | Lecteur: Classe | Localisation: Batiment A - Salle1 | Resulat: AUTORISE

[REEL: 2025-10-30 12:45:53]DEMANDE_ACCES - Heure Simulation: 08:00 | Personne: Tichon Flavie | Statut: Securite | Lecteur: ZoneSecurisee | Localisation: Batiment B - Zone Securisee | Resulat: AUTORISE

[REEL: 2025-10-30 12:45:54]DEMANDE_ACCES - Heure Simulation: 08:15 | Personne: Petit Sylvie | Statut: Administration | Lecteur: Batiment | Localisation: Batiment A - Porte Principale | Resulat: AUTORISE

[REEL: 2025-10-30 12:45:55]DEMANDE_ACCES - Heure Simulation: 08:30 | Personne: Didio Valerie | Statut: Eleve | Lecteur: ZoneSecurisee | Localisation: Batiment B - Zone Securisee | Resulat: REFUSE | Raison: Eleve n'a pas l'autorisation d'acceder a 'ZoneSecurisee'

[REEL: 2025-10-30 12:45:56]DEMANDE_ACCES - Heure Simulation: 08:45 | Personne: Bois Lila | Statut: Eleve | Lecteur: Bibliotheque | Localisation: Batiment A - Bibliotheque | Resulat: AUTORISE

[REEL: 2025-10-30 12:45:57]DEMANDE_ACCES - Heure Simulation: 09:00 | Personne: Petit Sylvie | Statut: Administration | Lecteur: Bibliotheque | Localisation: Batiment A - Bibliotheque | Resulat: AUTORISE

[REEL: 2025-10-30 12:45:58]DEMANDE_ACCES - Heure Simulation: 09:15 | Personne: Fevri Hugo | Statut: Securite | Lecteur: SalleProfesseur | Localisation: Batiment A - Salle des Professeurs | Resulat: AUTORISE

[REEL: 2025-10-30 12:45:59]DEMANDE_ACCES - Heure Simulation: 09:30 | Personne: Didio Valerie | Statut: Eleve | Lecteur: Classe | Localisation: Batiment A - Salle1 | Resulat: AUTORISE

[REEL: 2025-10-30 12:46:00]DEMANDE_ACCES - Heure Simulation: 09:45 | Personne: Blanc Marc | Statut: Professeur, Chercheur | Lecteur: Batiment | Localisation: Batiment B - Porte Principale | Resulat: AUTORISE

[REEL: 2025-10-30 12:46:01]DEMANDE_ACCES - Heure Simulation: 10:00 | Personne: Tichon Flavie | Statut: Securite | Lecteur: ZoneSecurisee | Localisation: Batiment B - Zone Securisee | Resulat: AUTORISE

[REEL: 2025-10-30 12:46:02]DEMANDE_ACCES - Heure Simulation: 10:15 | Personne: Blanc Marc | Statut: Professeur, Chercheur | Lecteur: Batiment | Localisation: Batiment B - Porte Principale | Resulat: AUTORISE

[REEL: 2025-10-30 12:46:04]DEMANDE_ACCES - Heure Simulation: 10:45 | Personne: Fevri Hugo | Statut: Securite | Lecteur: Batiment | Localisation: Batiment B - Porte Principale | Resulat: AUTORISE

[REEL: 2025-10-30 12:46:08]DEMANDE_ACCES - Heure Simulation: 11:45 | Personne: Henri Alexis | Statut: Professeur | Lecteur: ZoneSecurisee | Localisation: Batiment B - Zone Securisee | Resulat: REFUSE | Raison: Professeur n'a pas l'autorisation d'acceder a 'ZoneSecurisee'

[REEL: 2025-10-30 12:46:09]DEMANDE_ACCES - Heure Simulation: 12:00 | Personne: Poule Marie | Statut: Eleve | Lecteur: ZoneAdministrative | Localisation: Batiment A - Zone Administrative | Resulat: REFUSE | Raison: Eleve n'a pas l'autorisation d'acceder a 'ZoneAdministrative'

[REEL: 2025-10-30 12:46:10]DEMANDE_ACCES - Heure Simulation: 12:15 | Personne: Didio Valerie | Statut: Eleve | Lecteur: Bibliotheque | Localisation: Batiment A - Bibliotheque | Resulat: AUTORISE

[REEL: 2025-10-30 12:46:11]DEMANDE_ACCES - Heure Simulation: 12:30 | Personne: Jean Jean | Statut: Administration | Lecteur: Cafeteria | Localisation: Batiment C - Cafeteria | Resulat: AUTORISE

[REEL: 2025-10-30 12:46:12]DEMANDE_ACCES - Heure Simulation: 12:45 | Personne: Jean Jean | Statut: Administration | Lecteur: Batiment | Localisation: Batiment C - Porte Principale | Resulat: AUTORISE

[REEL: 2025-10-30 12:46:13]DEMANDE_ACCES - Heure Simulation: 13:00 | Personne: Tichon Flavie | Statut: Securite | Lecteur: Batiment | Localisation: Batiment B - Porte Principale | Resulat: AUTORISE

[REEL: 2025-10-30 12:46:15]DEMANDE_ACCES - Heure Simulation: 13:30 | Personne: Didio Valerie | Statut: Eleve | Lecteur: ZoneSecurisee | Localisation: Batiment B - Zone Securisee | Resulat: REFUSE | Raison: Eleve n'a pas l'autorisation d'acceder a 'ZoneSecurisee'

[REEL: 2025-10-30 12:46:19]DEMANDE_ACCES - Heure Simulation: 14:30 | Personne: Jean Jean | Statut: Administration | Lecteur: ZoneAdministrative | Localisation: Batiment A - Zone Administrative | Resulat: AUTORISE

[REEL: 2025-10-30 12:46:20]DEMANDE_ACCES - Heure Simulation: 14:45 | Personne: Henri Alexis | Statut: Professeur | Lecteur: ZoneAdministrative | Localisation: Batiment A - Zone Administrative | Resulat: REFUSE | Raison: Professeur n'a pas l'autorisation d'acceder a 'ZoneAdministrative'

[REEL: 2025-10-30 12:46:21]DEMANDE_ACCES - Heure Simulation: 15:00 | Personne: Poule Marie | Statut: Eleve | Lecteur: ZoneAdministrative | Localisation: Batiment A - Zone Administrative | Resulat: REFUSE | Raison: Eleve n'a pas l'autorisation d'acceder a 'ZoneAdministrative'

[REEL: 2025-10-30 12:46:24]DEMANDE_ACCES - Heure Simulation: 15:45 | Personne: Poule Marie | Statut: Eleve | Lecteur: Batiment | Localisation: Batiment C - Porte Principale | Resulat: AUTORISE

[REEL: 2025-10-30 12:46:25]DEMANDE_ACCES - Heure Simulation: 16:00 | Personne: Petit Sylvie | Statut: Administration | Lecteur: SalleProfesseur | Localisation: Batiment A - Salle des Professeurs | Resulat: REFUSE | Raison: Administration n'a pas l'autorisation d'acceder a 'SalleProfesseur'

[REEL: 2025-10-30 12:46:26]DEMANDE_ACCES - Heure Simulation: 16:15 | Personne: Blanc Marc | Statut: Professeur, Chercheur | Lecteur: ZoneAdministrative | Localisation: Batiment A - Zone Administrative | Resulat: REFUSE | Raison: Aucun des statuts (Professeur, Chercheur) ne permet l'acces a 'ZoneAdministrative'

[REEL: 2025-10-30 12:46:29]DEMANDE_ACCES - Heure Simulation: 17:00 | Personne: Tichon Flavie | Statut: Securite | Lecteur: Batiment | Localisation: Batiment B - Porte Principale | Resulat: AUTORISE

[REEL: 2025-10-30 12:46:31]DEMANDE_ACCES - Heure Simulation: 17:30 | Personne: Henri Alexis | Statut: Professeur | Lecteur: Batiment | Localisation: Batiment A - Porte Principale | Resulat: AUTORISE

[REEL: 2025-10-30 12:46:32]DEMANDE_ACCES - Heure Simulation: 17:45 | Personne: Bois Lila | Statut: Eleve | Lecteur: Batiment | Localisation: Batiment B - Porte Principale | Resulat: AUTORISE

[REEL: 2025-10-30 12:46:34]DEMANDE_ACCES - Heure Simulation: 18:15 | Personne: Rio Martin | Statut: Eleve | Lecteur: Classe | Localisation: Batiment A - Salle1 | Resulat: REFUSE | Raison: Badge inactif ou invalide

[REEL: 2025-10-30 12:46:36]DEMANDE_ACCES - Heure Simulation: 18:45 | Personne: Tichon Flavie | Statut: Securite | Lecteur: Bibliotheque | Localisation: Batiment A - Bibliotheque | Resulat: AUTORISE
